<?xml version="1.0" encoding="UTF-8"?>
<testsuite xmlns:xsi="http://www.w3.org/2001/XMLSchema-instance" xsi:noNamespaceSchemaLocation="https://maven.apache.org/surefire/maven-surefire-plugin/xsd/surefire-test-report.xsd" name="com.atm.AtmAssesmentApplicationTests" time="6.28" tests="2" errors="0" skipped="0" failures="0">
  <properties>
[...]
</properties>
  <testcase name="testWithdrawAmountSuccess" classname="com.atm.AtmAssesmentApplicationTests" time="0.355"/>
  <testcase name="testGetAccountDeatilsSuccess" classname="com.atm.AtmAssesmentApplicationTests" time="0.014"/>
</testsuite>